<?xml version="1.0" encoding="UTF-8"?>
<!-- Generated by org.testng.reporters.JUnitReportReporter -->
<testsuite hostname="WINDOWS-JQDUD0F" name="yygl_flow.Writer_Reporter" tests="1" failures="0" timestamp="30 Aug 2017 06:44:50 GMT" time="3.962" errors="0">
  <testcase name="Test_001_Login" time="3.962" classname="yygl_flow.Writer_Reporter"/>
</testsuite> <!-- yygl_flow.Writer_Reporter -->
